c:\users\anestis\desktop\ocean2020fomsrevision\ocean2020fomsrevision\ocean2020fom_simple\build64\ocean2020fomhla1516evc14_64\relwithdebinfo\ocean2020fomhla1516evc14_64rd.pdb
c:\users\anestis\desktop\ocean2020fomsrevision\ocean2020fomsrevision\ocean2020fom_simple\build64\ocean2020fomtalkhla1516evc14_64\debug\ocean2020fomtalk.obj
c:\users\anestis\desktop\ocean2020fomsrevision\ocean2020fomsrevision\ocean2020fom_simple\build64\ocean2020fomtalkhla1516evc14_64\debug\uxv_vessel.obj
c:\users\anestis\desktop\ocean2020fomsrevision\ocean2020fomsrevision\ocean2020fom_simple\build64\ocean2020fomtalkhla1516evc14_64\debug\simulator.obj
c:\users\anestis\desktop\ocean2020fomsrevision\ocean2020fomsrevision\ocean2020fom_simple\build64\ocean2020fomtalkhla1516evc14_64\debug\enviromental_elements.obj
c:\users\anestis\desktop\ocean2020fomsrevision\ocean2020fomsrevision\ocean2020fom_simple\build64\ocean2020fomtalkhla1516evc14_64\debug\sector.obj
c:\users\anestis\desktop\ocean2020fomsrevision\ocean2020fomsrevision\ocean2020fom_simple\build64\ocean2020fomtalkhla1516evc14_64\debug\uxv_team.obj
c:\users\anestis\desktop\ocean2020fomsrevision\ocean2020fomsrevision\ocean2020fom_simple\ocean2020fomtalkhla1516e_64rd.ilk
c:\users\anestis\desktop\ocean2020fomsrevision\ocean2020fomsrevision\ocean2020fom_simple\ocean2020fomtalkhla1516e_64rd.exe
c:\users\anestis\desktop\ocean2020fomsrevision\ocean2020fomsrevision\ocean2020fom_simple\ocean2020fomtalkhla1516e_64rd.pdb
c:\users\anestis\desktop\ocean2020fomsrevision\ocean2020fomsrevision\ocean2020fom_simple\build64\ocean2020fomtalkhla1516evc14_64\debug\vrlink.res
c:\users\anestis\desktop\ocean2020fomsrevision\ocean2020fomsrevision\ocean2020fom_simple\.\ocean2020fomtalkhla1516e_64rd.exe
c:\users\anestis\desktop\ocean2020fomsrevision\ocean2020fomsrevision\ocean2020fom_simple\build64\ocean2020fomtalkhla1516evc14_64\debug\ocean202.ee830a31.tlog\cl.command.1.tlog
c:\users\anestis\desktop\ocean2020fomsrevision\ocean2020fomsrevision\ocean2020fom_simple\build64\ocean2020fomtalkhla1516evc14_64\debug\ocean202.ee830a31.tlog\cl.read.1.tlog
c:\users\anestis\desktop\ocean2020fomsrevision\ocean2020fomsrevision\ocean2020fom_simple\build64\ocean2020fomtalkhla1516evc14_64\debug\ocean202.ee830a31.tlog\cl.write.1.tlog
c:\users\anestis\desktop\ocean2020fomsrevision\ocean2020fomsrevision\ocean2020fom_simple\build64\ocean2020fomtalkhla1516evc14_64\debug\ocean202.ee830a31.tlog\link.command.1.tlog
c:\users\anestis\desktop\ocean2020fomsrevision\ocean2020fomsrevision\ocean2020fom_simple\build64\ocean2020fomtalkhla1516evc14_64\debug\ocean202.ee830a31.tlog\link.read.1.tlog
c:\users\anestis\desktop\ocean2020fomsrevision\ocean2020fomsrevision\ocean2020fom_simple\build64\ocean2020fomtalkhla1516evc14_64\debug\ocean202.ee830a31.tlog\link.write.1.tlog
c:\users\anestis\desktop\ocean2020fomsrevision\ocean2020fomsrevision\ocean2020fom_simple\build64\ocean2020fomtalkhla1516evc14_64\debug\ocean202.ee830a31.tlog\rc.command.1.tlog
c:\users\anestis\desktop\ocean2020fomsrevision\ocean2020fomsrevision\ocean2020fom_simple\build64\ocean2020fomtalkhla1516evc14_64\debug\ocean202.ee830a31.tlog\rc.read.1.tlog
c:\users\anestis\desktop\ocean2020fomsrevision\ocean2020fomsrevision\ocean2020fom_simple\build64\ocean2020fomtalkhla1516evc14_64\debug\ocean202.ee830a31.tlog\rc.write.1.tlog
